<?xml version="1.0" encoding="UTF-8"?>
<Site BuildName="Windows-AMD64-Experimental"
	BuildStamp="20220331-1720-Experimental"
	Name="DESKTOP-ET9MH89"
	Generator="ctest-3.22.0"
	CompilerName=""
	CompilerVersion=""
	OSName="Windows"
	Hostname="DESKTOP-ET9MH89"
	OSRelease=" Professional"
	OSVersion=" (Build 19042)"
	OSPlatform="AMD64"
	Is64Bits="1"
	VendorString="GenuineIntel"
	VendorID="Intel Corporation"
	FamilyID="6"
	ModelID="10"
	ProcessorCacheSize="-1"
	NumberOfLogicalCPU="4"
	NumberOfPhysicalCPU="4"
	TotalVirtualMemory="10811"
	TotalPhysicalMemory="8157"
	LogicalProcessorsPerPhysical="1"
	ProcessorClockFrequency="3192"
	>
	<Build>
		<StartDateTime>Mar 31 20:20 RTZ 2 (ceia)</StartDateTime>
		<StartBuildTime>1648747220</StartBuildTime>
		<BuildCommand>"C:\Program Files\CMake\bin\cmake.exe" --build . --config "Debug"</BuildCommand>
		<Error>
			<BuildLogLine>1</BuildLogLine>
			<Text>CMake Error:</Text>
			<PreContext></PreContext>
			<PostContext>  Generator

    Visual Studio 16 2019

  could not find any instance of Visual Studio.



</PostContext>
			<RepeatCount>0</RepeatCount>
		</Error>
		<Warning>
			<BuildLogLine>1</BuildLogLine>
			<Text>*** WARNING non-zero return value in ctest from: C:\Program Files\CMake\bin\cmake.exe</Text>
			<PreContext></PreContext>
			<PostContext></PostContext>
			<RepeatCount>0</RepeatCount>
		</Warning>
		<Log Encoding="base64" Compression="bin/gzip"/>
		<EndDateTime>Mar 31 20:20 RTZ 2 (ceia)</EndDateTime>
		<EndBuildTime>1648747220</EndBuildTime>
		<ElapsedMinutes>0</ElapsedMinutes>
	</Build>
</Site>
