<?xml version="1.0" encoding="UTF-8"?>
<Site BuildName="Windows-AMD64-Experimental"
	BuildStamp="20220331-1720-Experimental"
	Name="DESKTOP-ET9MH89"
	Generator="ctest-3.22.0"
	CompilerName=""
	CompilerVersion=""
	OSName="Windows"
	Hostname="DESKTOP-ET9MH89"
	OSRelease=" Professional"
	OSVersion=" (Build 19042)"
	OSPlatform="AMD64"
	Is64Bits="1"
	VendorString="GenuineIntel"
	VendorID="Intel Corporation"
	FamilyID="6"
	ModelID="10"
	ProcessorCacheSize="-1"
	NumberOfLogicalCPU="4"
	NumberOfPhysicalCPU="4"
	TotalVirtualMemory="10811"
	TotalPhysicalMemory="8157"
	LogicalProcessorsPerPhysical="1"
	ProcessorClockFrequency="3192"
	>
	<Configure>
		<StartDateTime>Mar 31 20:20 RTZ 2 (ceia)</StartDateTime>
		<StartConfigureTime>1648747220</StartConfigureTime>
		<ConfigureCommand>"C:/Program Files/CMake/bin/cmake.exe" "-GVisual Studio 16 2019" "F:/devtools/devtools-course-practice"</ConfigureCommand>
		<Log>CMake Deprecation Warning at CMakeLists.txt:1 (cmake_minimum_required):
  Compatibility with CMake &lt; 2.8.12 will be removed from a future version of
  CMake.

  Update the VERSION argument &lt;min&gt; value or use a ...&lt;max&gt; suffix to tell
  CMake that the project does not need compatibility with older versions.


CMake Error at CMakeLists.txt:2 (project):
  Generator

    Visual Studio 16 2019

  could not find any instance of Visual Studio.



-- Configuring incomplete, errors occurred!
See also "F:/devtools/devtools-course-practice/dashboard/build/CMakeFiles/CMakeOutput.log".
</Log>
		<ConfigureStatus>1</ConfigureStatus>
		<EndDateTime>Mar 31 20:20 RTZ 2 (ceia)</EndDateTime>
		<EndConfigureTime>1648747220</EndConfigureTime>
		<ElapsedMinutes>0</ElapsedMinutes>
	</Configure>
</Site>
